2020-10-30 21:31:38,525 INFO  [org.jboss.modules] (main) JBoss Modules version 1.10.2.Final
2020-10-30 21:31:39,351 INFO  [org.jboss.msc] (main) JBoss MSC version 1.4.12.Final
2020-10-30 21:31:39,367 INFO  [org.jboss.threads] (main) JBoss Threads version 2.4.0.Final
2020-10-30 21:31:39,550 INFO  [org.jboss.as] (MSC service thread 1-1) WFLYSRV0049: WildFly Full 21.0.0.Final (WildFly Core 13.0.1.Final) starting
2020-10-30 21:31:39,556 DEBUG [org.jboss.as.config] (MSC service thread 1-1) Configured system properties:
	[Standalone] = 
	awt.toolkit = sun.awt.X11.XToolkit
	file.encoding = UTF-8
	file.separator = /
	java.awt.graphicsenv = sun.awt.X11GraphicsEnvironment
	java.awt.headless = true
	java.awt.printerjob = sun.print.PSPrinterJob
	java.class.path = /home/kvictr/eclipse-workspace/jsf-demo/target/wildfly-21.0.0.Final/jboss-modules.jar
	java.class.version = 55.0
	java.home = /usr/lib/jvm/java-11-openjdk-amd64
	java.io.tmpdir = /tmp
	java.library.path = /usr/java/packages/lib:/usr/lib/x86_64-linux-gnu/jni:/lib/x86_64-linux-gnu:/usr/lib/x86_64-linux-gnu:/usr/lib/jni:/lib:/usr/lib
	java.net.preferIPv4Stack = true
	java.runtime.name = OpenJDK Runtime Environment
	java.runtime.version = 11.0.7+10-post-Ubuntu-2ubuntu218.04
	java.specification.name = Java Platform API Specification
	java.specification.vendor = Oracle Corporation
	java.specification.version = 11
	java.util.logging.manager = org.jboss.logmanager.LogManager
	java.vendor = Ubuntu
	java.vendor.url = https://ubuntu.com/
	java.vendor.url.bug = https://bugs.launchpad.net/ubuntu/+source/openjdk-lts
	java.version = 11.0.7
	java.version.date = 2020-04-14
	java.vm.compressedOopsMode = 32-bit
	java.vm.info = mixed mode, sharing
	java.vm.name = OpenJDK 64-Bit Server VM
	java.vm.specification.name = Java Virtual Machine Specification
	java.vm.specification.vendor = Oracle Corporation
	java.vm.specification.version = 11
	java.vm.vendor = Ubuntu
	java.vm.version = 11.0.7+10-post-Ubuntu-2ubuntu218.04
	javax.management.builder.initial = org.jboss.as.jmx.PluggableMBeanServerBuilder
	jboss.home.dir = /home/kvictr/eclipse-workspace/jsf-demo/target/wildfly-21.0.0.Final
	jboss.host.name = kvictr
	jboss.modules.dir = /home/kvictr/eclipse-workspace/jsf-demo/target/wildfly-21.0.0.Final/modules
	jboss.modules.system.pkgs = org.jboss.byteman
	jboss.node.name = kvictr
	jboss.qualified.host.name = kvictr
	jboss.server.base.dir = /home/kvictr/eclipse-workspace/jsf-demo/target/wildfly-21.0.0.Final/standalone
	jboss.server.config.dir = /home/kvictr/eclipse-workspace/jsf-demo/target/wildfly-21.0.0.Final/standalone/configuration
	jboss.server.data.dir = /home/kvictr/eclipse-workspace/jsf-demo/target/wildfly-21.0.0.Final/standalone/data
	jboss.server.deploy.dir = /home/kvictr/eclipse-workspace/jsf-demo/target/wildfly-21.0.0.Final/standalone/data/content
	jboss.server.log.dir = /home/kvictr/eclipse-workspace/jsf-demo/target/wildfly-21.0.0.Final/standalone/log
	jboss.server.name = kvictr
	jboss.server.persist.config = true
	jboss.server.temp.dir = /home/kvictr/eclipse-workspace/jsf-demo/target/wildfly-21.0.0.Final/standalone/tmp
	jdk.debug = release
	line.separator = 

	logging.configuration = file:/home/kvictr/eclipse-workspace/jsf-demo/target/wildfly-21.0.0.Final/standalone/configuration/logging.properties
	module.path = /home/kvictr/eclipse-workspace/jsf-demo/target/wildfly-21.0.0.Final/modules
	org.jboss.boot.log.file = /home/kvictr/eclipse-workspace/jsf-demo/target/wildfly-21.0.0.Final/standalone/log/server.log
	org.jboss.resolver.warning = true
	os.arch = amd64
	os.name = Linux
	os.version = 5.0.0-32-generic
	path.separator = :
	sun.arch.data.model = 64
	sun.boot.library.path = /usr/lib/jvm/java-11-openjdk-amd64/lib
	sun.cpu.endian = little
	sun.cpu.isalist = 
	sun.desktop = gnome
	sun.io.unicode.encoding = UnicodeLittle
	sun.java.command = /home/kvictr/eclipse-workspace/jsf-demo/target/wildfly-21.0.0.Final/jboss-modules.jar -mp /home/kvictr/eclipse-workspace/jsf-demo/target/wildfly-21.0.0.Final/modules org.jboss.as.standalone -Djboss.home.dir=/home/kvictr/eclipse-workspace/jsf-demo/target/wildfly-21.0.0.Final -Djboss.server.base.dir=/home/kvictr/eclipse-workspace/jsf-demo/target/wildfly-21.0.0.Final/standalone -Djboss.server.log.dir=/home/kvictr/eclipse-workspace/jsf-demo/target/wildfly-21.0.0.Final/standalone/log -Djboss.server.config.dir=/home/kvictr/eclipse-workspace/jsf-demo/target/wildfly-21.0.0.Final/standalone/configuration
	sun.java.launcher = SUN_STANDARD
	sun.jnu.encoding = UTF-8
	sun.management.compiler = HotSpot 64-Bit Tiered Compilers
	sun.os.patch.level = unknown
	user.country = BR
	user.dir = /home/kvictr/eclipse-workspace/jsf-demo
	user.home = /home/kvictr
	user.language = pt
	user.name = kvictr
	user.timezone = America/Fortaleza
2020-10-30 21:31:39,561 DEBUG [org.jboss.as.config] (MSC service thread 1-1) VM Arguments: -D[Standalone] -Xms64m -Xmx512m -Djava.net.preferIPv4Stack=true -Djava.awt.headless=true -Djboss.modules.system.pkgs=org.jboss.byteman -Dorg.jboss.boot.log.file=/home/kvictr/eclipse-workspace/jsf-demo/target/wildfly-21.0.0.Final/standalone/log/server.log -Dlogging.configuration=file:/home/kvictr/eclipse-workspace/jsf-demo/target/wildfly-21.0.0.Final/standalone/configuration/logging.properties 
2020-10-30 21:31:41,262 INFO  [org.wildfly.security] (ServerService Thread Pool -- 26) ELY00001: WildFly Elytron version 1.13.1.Final
2020-10-30 21:31:42,291 INFO  [org.jboss.as.controller.management-deprecated] (Controller Boot Thread) WFLYCTL0028: Attribute 'security-realm' in the resource at address '/core-service=management/management-interface=http-interface' is deprecated, and may be removed in a future version. See the attribute description in the output of the read-resource-description operation to learn more about the deprecation.
2020-10-30 21:31:42,396 INFO  [org.jboss.as.controller.management-deprecated] (ServerService Thread Pool -- 2) WFLYCTL0028: Attribute 'security-realm' in the resource at address '/subsystem=undertow/server=default-server/https-listener=https' is deprecated, and may be removed in a future version. See the attribute description in the output of the read-resource-description operation to learn more about the deprecation.
2020-10-30 21:31:42,527 INFO  [org.jboss.as.server] (Controller Boot Thread) WFLYSRV0039: Creating http management service using socket-binding (management-http)
2020-10-30 21:31:42,555 INFO  [org.xnio] (MSC service thread 1-1) XNIO version 3.8.2.Final
2020-10-30 21:31:42,574 INFO  [org.xnio.nio] (MSC service thread 1-1) XNIO NIO Implementation Version 3.8.2.Final
2020-10-30 21:31:42,689 INFO  [org.jboss.remoting] (MSC service thread 1-2) JBoss Remoting version 5.0.19.Final
2020-10-30 21:31:42,749 INFO  [org.jboss.as.clustering.infinispan] (ServerService Thread Pool -- 52) WFLYCLINF0001: Activating Infinispan subsystem.
2020-10-30 21:31:42,806 INFO  [org.wildfly.extension.microprofile.config.smallrye._private] (ServerService Thread Pool -- 61) WFLYCONF0001: Activating WildFly MicroProfile Config Subsystem
2020-10-30 21:31:42,842 INFO  [org.jboss.as.connector.subsystems.datasources] (ServerService Thread Pool -- 44) WFLYJCA0004: Deploying JDBC-compliant driver class org.h2.Driver (version 1.4)
2020-10-30 21:31:42,854 INFO  [org.wildfly.extension.microprofile.jwt.smallrye._private] (ServerService Thread Pool -- 63) WFLYJWT0001: Activating WildFly MicroProfile JWT Subsystem
2020-10-30 21:31:42,855 INFO  [org.wildfly.extension.io] (ServerService Thread Pool -- 53) WFLYIO001: Worker 'default' has auto-configured to 8 IO threads with 64 max task threads based on your 4 available processors
2020-10-30 21:31:42,864 WARN  [org.jboss.as.txn] (ServerService Thread Pool -- 74) WFLYTX0013: The node-identifier attribute on the /subsystem=transactions is set to the default value. This is a danger for environments running multiple servers. Please make sure the attribute value is unique.
2020-10-30 21:31:42,885 INFO  [org.wildfly.extension.microprofile.opentracing] (ServerService Thread Pool -- 65) WFLYTRACEXT0001: Activating MicroProfile OpenTracing Subsystem
2020-10-30 21:31:42,892 INFO  [org.jboss.as.security] (ServerService Thread Pool -- 72) WFLYSEC0002: Activating Security Subsystem
2020-10-30 21:31:42,907 INFO  [org.jboss.as.security] (MSC service thread 1-2) WFLYSEC0001: Current PicketBox version=5.0.3.Final-redhat-00006
2020-10-30 21:31:43,005 INFO  [org.wildfly.extension.microprofile.metrics.smallrye] (ServerService Thread Pool -- 64) WFLYMETRICS0001: Activating Eclipse MicroProfile Metrics Subsystem
2020-10-30 21:31:43,006 INFO  [org.jboss.as.naming] (ServerService Thread Pool -- 66) WFLYNAM0001: Activating Naming Subsystem
2020-10-30 21:31:43,065 INFO  [org.jboss.as.webservices] (ServerService Thread Pool -- 76) WFLYWS0002: Activating WebServices Extension
2020-10-30 21:31:43,071 INFO  [org.wildfly.extension.microprofile.health.smallrye] (ServerService Thread Pool -- 62) WFLYHEALTH0001: Activating Eclipse MicroProfile Health Subsystem
2020-10-30 21:31:43,074 INFO  [org.jboss.as.jsf] (ServerService Thread Pool -- 59) WFLYJSF0007: Activated the following JSF Implementations: [main]
2020-10-30 21:31:43,084 INFO  [org.jboss.as.connector] (MSC service thread 1-7) WFLYJCA0009: Starting JCA Subsystem (WildFly/IronJacamar 1.4.23.Final)
2020-10-30 21:31:43,131 INFO  [org.jboss.as.jaxrs] (ServerService Thread Pool -- 54) WFLYRS0016: RESTEasy version 3.13.2.Final
2020-10-30 21:31:43,181 INFO  [org.jboss.as.connector.deployers.jdbc] (MSC service thread 1-4) WFLYJCA0018: Started Driver service with driver-name = h2
2020-10-30 21:31:43,224 INFO  [org.wildfly.extension.undertow] (MSC service thread 1-3) WFLYUT0003: Undertow 2.2.2.Final starting
2020-10-30 21:31:43,335 INFO  [org.jboss.as.naming] (MSC service thread 1-1) WFLYNAM0003: Starting Naming Service
2020-10-30 21:31:43,364 INFO  [org.jboss.as.mail.extension] (MSC service thread 1-3) WFLYMAIL0001: Bound mail session [java:jboss/mail/Default]
2020-10-30 21:31:43,534 INFO  [org.wildfly.extension.undertow] (ServerService Thread Pool -- 75) WFLYUT0014: Creating file handler for path '/home/kvictr/eclipse-workspace/jsf-demo/target/wildfly-21.0.0.Final/welcome-content' with options [directory-listing: 'false', follow-symlink: 'false', case-sensitive: 'true', safe-symlink-paths: '[]']
2020-10-30 21:31:43,607 INFO  [org.jboss.as.ejb3] (MSC service thread 1-6) WFLYEJB0481: Strict pool slsb-strict-max-pool is using a max instance size of 64 (per class), which is derived from thread worker pool sizing.
2020-10-30 21:31:43,607 INFO  [org.jboss.as.ejb3] (MSC service thread 1-8) WFLYEJB0482: Strict pool mdb-strict-max-pool is using a max instance size of 16 (per class), which is derived from the number of CPUs on this host.
2020-10-30 21:31:43,661 INFO  [org.wildfly.extension.undertow] (MSC service thread 1-8) WFLYUT0012: Started server default-server.
2020-10-30 21:31:43,686 INFO  [org.wildfly.extension.undertow] (MSC service thread 1-6) WFLYUT0018: Host default-host starting
2020-10-30 21:31:43,864 INFO  [org.wildfly.extension.undertow] (MSC service thread 1-3) WFLYUT0006: Undertow HTTP listener default listening on 127.0.0.1:8080
2020-10-30 21:31:44,001 INFO  [org.jboss.as.ejb3] (MSC service thread 1-5) WFLYEJB0493: EJB subsystem suspension complete
2020-10-30 21:31:44,104 INFO  [org.jboss.as.connector.subsystems.datasources] (MSC service thread 1-6) WFLYJCA0001: Bound data source [java:jboss/datasources/ExampleDS]
2020-10-30 21:31:44,297 INFO  [org.jboss.as.patching] (MSC service thread 1-3) WFLYPAT0050: WildFly Full cumulative patch ID is: base, one-off patches include: none
2020-10-30 21:31:44,343 WARN  [org.jboss.as.domain.management.security] (MSC service thread 1-6) WFLYDM0111: Keystore /home/kvictr/eclipse-workspace/jsf-demo/target/wildfly-21.0.0.Final/standalone/configuration/application.keystore not found, it will be auto generated on first use with a self signed certificate for host localhost
2020-10-30 21:31:44,394 INFO  [org.jboss.as.server.deployment.scanner] (MSC service thread 1-6) WFLYDS0013: Started FileSystemDeploymentService for directory /home/kvictr/eclipse-workspace/jsf-demo/target/wildfly-21.0.0.Final/standalone/deployments
2020-10-30 21:31:44,517 INFO  [org.wildfly.extension.undertow] (MSC service thread 1-7) WFLYUT0006: Undertow HTTPS listener https listening on 127.0.0.1:8443
2020-10-30 21:31:44,639 INFO  [org.jboss.ws.common.management] (MSC service thread 1-8) JBWS022052: Starting JBossWS 5.4.2.Final (Apache CXF 3.3.7) 
2020-10-30 21:31:45,033 INFO  [org.jboss.as.server] (Controller Boot Thread) WFLYSRV0212: Resuming server
2020-10-30 21:31:45,041 INFO  [org.jboss.as] (Controller Boot Thread) WFLYSRV0025: WildFly Full 21.0.0.Final (WildFly Core 13.0.1.Final) started in 7635ms - Started 317 of 579 services (370 services are lazy, passive or on-demand)
2020-10-30 21:31:45,048 INFO  [org.jboss.as] (Controller Boot Thread) WFLYSRV0060: Http management interface listening on http://127.0.0.1:9990/management
2020-10-30 21:31:45,052 INFO  [org.jboss.as] (Controller Boot Thread) WFLYSRV0051: Admin console listening on http://127.0.0.1:9990
2020-10-30 21:31:46,690 INFO  [org.jboss.as.repository] (management-handler-thread - 2) WFLYDR0001: Content added at location /home/kvictr/eclipse-workspace/jsf-demo/target/wildfly-21.0.0.Final/standalone/data/content/01/f7a2c686b8e7be66c80646f25f3f7e7d365e73/content
2020-10-30 21:31:46,735 INFO  [org.jboss.as.server.deployment] (MSC service thread 1-6) WFLYSRV0027: Starting deployment of "jsf-demo.war" (runtime-name: "jsf-demo.war")
2020-10-30 21:31:49,844 WARN  [org.jboss.as.server.deployment] (MSC service thread 1-6) WFLYSRV0059: Class Path entry aesh-terminal-api-1.10.jar in /content/jsf-demo.war/WEB-INF/lib/aesh-readline-1.10.jar  does not point to a valid jar for a Class-Path reference.
2020-10-30 21:31:49,890 WARN  [org.jboss.as.server.deployment] (MSC service thread 1-6) WFLYSRV0059: Class Path entry groovy-2.1.6.jar in /content/jsf-demo.war/WEB-INF/lib/aesh-extensions-1.6.jar  does not point to a valid jar for a Class-Path reference.
2020-10-30 21:31:49,891 WARN  [org.jboss.as.server.deployment] (MSC service thread 1-6) WFLYSRV0059: Class Path entry antlr-2.7.7.jar in /content/jsf-demo.war/WEB-INF/lib/aesh-extensions-1.6.jar  does not point to a valid jar for a Class-Path reference.
2020-10-30 21:31:49,895 WARN  [org.jboss.as.server.deployment] (MSC service thread 1-6) WFLYSRV0059: Class Path entry asm-tree-4.0.jar in /content/jsf-demo.war/WEB-INF/lib/aesh-extensions-1.6.jar  does not point to a valid jar for a Class-Path reference.
2020-10-30 21:31:49,896 WARN  [org.jboss.as.server.deployment] (MSC service thread 1-6) WFLYSRV0059: Class Path entry asm-commons-4.0.jar in /content/jsf-demo.war/WEB-INF/lib/aesh-extensions-1.6.jar  does not point to a valid jar for a Class-Path reference.
2020-10-30 21:31:49,897 WARN  [org.jboss.as.server.deployment] (MSC service thread 1-6) WFLYSRV0059: Class Path entry asm-4.0.jar in /content/jsf-demo.war/WEB-INF/lib/aesh-extensions-1.6.jar  does not point to a valid jar for a Class-Path reference.
2020-10-30 21:31:49,897 WARN  [org.jboss.as.server.deployment] (MSC service thread 1-6) WFLYSRV0059: Class Path entry asm-util-4.0.jar in /content/jsf-demo.war/WEB-INF/lib/aesh-extensions-1.6.jar  does not point to a valid jar for a Class-Path reference.
2020-10-30 21:31:49,898 WARN  [org.jboss.as.server.deployment] (MSC service thread 1-6) WFLYSRV0059: Class Path entry asm-analysis-4.0.jar in /content/jsf-demo.war/WEB-INF/lib/aesh-extensions-1.6.jar  does not point to a valid jar for a Class-Path reference.
2020-10-30 21:31:50,977 INFO  [org.jboss.weld.deployer] (MSC service thread 1-6) WFLYWELD0003: Processing weld deployment jsf-demo.war
2020-10-30 21:31:51,429 INFO  [org.hibernate.validator.internal.util.Version] (MSC service thread 1-6) HV000001: Hibernate Validator 6.0.21.Final
2020-10-30 21:31:52,174 INFO  [io.jaegertracing.internal.JaegerTracer] (MSC service thread 1-6) No shutdown hook registered: Please call close() manually on application shutdown.
2020-10-30 21:31:52,692 INFO  [org.jboss.weld.Version] (MSC service thread 1-5) WELD-000900: 3.1.5 (Final)
2020-10-30 21:31:52,892 INFO  [org.infinispan.CONTAINER] (ServerService Thread Pool -- 78) ISPN000128: Infinispan version: Infinispan 'Corona Extra' 11.0.4.Final
2020-10-30 21:31:53,023 INFO  [org.infinispan.CONFIG] (MSC service thread 1-7) ISPN000152: Passivation configured without an eviction policy being selected. Only manually evicted entities will be passivated.
2020-10-30 21:31:53,025 INFO  [org.infinispan.CONFIG] (MSC service thread 1-7) ISPN000152: Passivation configured without an eviction policy being selected. Only manually evicted entities will be passivated.
2020-10-30 21:31:53,250 INFO  [org.infinispan.PERSISTENCE] (ServerService Thread Pool -- 78) ISPN000556: Starting user marshaller 'org.wildfly.clustering.infinispan.spi.marshalling.InfinispanProtoStreamMarshaller'
2020-10-30 21:31:53,475 WARN  [org.jboss.weld.Bootstrap] (MSC service thread 1-6) WELD-000146: BeforeBeanDiscovery.addAnnotatedType(AnnotatedType<?>) used for class com.sun.faces.flow.FlowDiscoveryCDIHelper is deprecated from CDI 1.1!
2020-10-30 21:31:53,577 INFO  [io.smallrye.metrics] (MSC service thread 1-6) MicroProfile: Metrics activated (SmallRye Metrics version: 2.4.2)
2020-10-30 21:31:53,667 INFO  [org.jboss.as.clustering.infinispan] (ServerService Thread Pool -- 78) WFLYCLINF0002: Started http-remoting-connector cache from ejb container
2020-10-30 21:31:54,898 INFO  [javax.enterprise.resource.webcontainer.jsf.config] (ServerService Thread Pool -- 11) Inicializando Mojarra 2.3.14.SP01 para o contexto '/jsf-demo'
2020-10-30 21:31:56,852 INFO  [org.primefaces.webapp.PostConstructApplicationEventListener] (ServerService Thread Pool -- 11) Running on PrimeFaces 7.0
2020-10-30 21:31:56,889 INFO  [org.wildfly.extension.undertow] (ServerService Thread Pool -- 11) WFLYUT0021: Registered web context: '/jsf-demo' for server 'default-server'
2020-10-30 21:31:56,979 INFO  [org.jboss.as.server] (management-handler-thread - 2) WFLYSRV0010: Deployed "jsf-demo.war" (runtime-name : "jsf-demo.war")
2020-10-30 22:19:39,304 INFO  [org.jboss.as.server] (Thread-1) WFLYSRV0272: Suspending server
2020-10-30 22:19:39,333 INFO  [org.jboss.as.ejb3] (Thread-1) WFLYEJB0493: EJB subsystem suspension complete
